<?xml version="1.0" encoding="UTF-8"?>
<!-- Generated by org.testng.reporters.JUnitXMLReporter -->
<testsuite ignored="0" hostname="DESKTOP-DSB2DGP" failures="0" tests="3" name="firefoxchrome" time="12.696" errors="0" timestamp="2024-08-05T17:47:18 IST">
  <testcase classname="Day45.ParamTest" name="testlogo" time="0.061"/>
  <testcase classname="Day45.ParamTest" name="testTile" time="0.007"/>
  <testcase classname="Day45.ParamTest" name="testUrl" time="0.005"/>
</testsuite> <!-- firefoxchrome -->
