<?xml version="1.0" encoding="UTF-8"?>
<!-- Generated by org.testng.reporters.JUnitXMLReporter -->
<testsuite ignored="0" hostname="DESKTOP-DSB2DGP" failures="0" tests="7" name="myTest" time="23.932" errors="0" timestamp="2024-08-03T21:29:43 IST">
  <testcase classname="Day42.OrangeHRMTest" name="openApp" time="17.757"/>
  <testcase classname="Day42.OrangeHRMTest" name="testLogo" time="3.24"/>
  <testcase classname="Day42.OrangeHRMTest" name="testLogin" time="2.487"/>
  <testcase classname="Day42.OrangeHRMTest" name="testClose" time="0.32"/>
  <testcase classname="Day42.FirstTestCase" name="openApp" time="0.002"/>
  <testcase classname="Day42.FirstTestCase" name="Login" time="0.005"/>
  <testcase classname="Day42.FirstTestCase" name="LogOut" time="0.001"/>
</testsuite> <!-- myTest -->
