<?xml version="1.0" encoding="UTF-8"?>
<!-- Generated by org.testng.reporters.JUnitXMLReporter -->
<testsuite ignored="6" hostname="DESKTOP-DSB2DGP" failures="0" tests="2" name="grouptinTest" time="0.184" errors="0" timestamp="2024-08-05T14:44:29 IST">
  <testcase classname="Day44.PaymentTests" name="paymentinRupees" time="0.032"/>
  <testcase classname="Day44.PaymentTests" name="paymentinDoller" time="0.003"/>
  <testcase classname="Day44.SignupTests" name="signupbyTwitter" time="0.0">
    <ignored/>
  </testcase> <!-- signupbyTwitter -->
  <testcase classname="Day44.LoginTests" name="loginByFacebook" time="0.0">
    <ignored/>
  </testcase> <!-- loginByFacebook -->
  <testcase classname="Day44.SignupTests" name="signupbyemail" time="0.0">
    <ignored/>
  </testcase> <!-- signupbyemail -->
  <testcase classname="Day44.SignupTests" name="signupbyFacebook" time="0.0">
    <ignored/>
  </testcase> <!-- signupbyFacebook -->
  <testcase classname="Day44.LoginTests" name="loginByTwitter" time="0.0">
    <ignored/>
  </testcase> <!-- loginByTwitter -->
  <testcase classname="Day44.LoginTests" name="loginByEmail" time="0.0">
    <ignored/>
  </testcase> <!-- loginByEmail -->
</testsuite> <!-- grouptinTest -->
